<?xml version="1.0" encoding="UTF-8"?>
<!-- Generated by org.testng.reporters.JUnitReportReporter -->
<testsuite skipped="0" hostname="LAPTOP-EQD32M8L" name="tests.LoginTest" tests="1" failures="0" timestamp="05 Nov 2020 00:02:22 GMT" time="11.838" errors="0">
  <testcase name="loginToHotel" time="11.838" classname="tests.LoginTest"/>
</testsuite> <!-- tests.LoginTest -->
