<?xml version="1.0" encoding="UTF-8"?>
<!-- Generated by org.testng.reporters.JUnitReportReporter -->
<testsuite skipped="0" hostname="LAPTOP-EQD32M8L" name="tests.LoginTest" tests="1" failures="0" timestamp="04 Nov 2020 01:14:37 GMT" time="12.539" errors="0">
  <testcase name="loginToHotel" time="12.539" classname="tests.LoginTest"/>
</testsuite> <!-- tests.LoginTest -->
